Arguments: 
  C:\Program Files\nodejs\node.exe C:\Users\Utilisateur\AppData\Roaming\nvm\v16.12.0\node_modules\hygen-add\node_modules\yarn\bin\yarn.js add --dev hygen-./

PATH: 
  C:\Users\Utilisateur\Desktop\testing\qcore-generator\node_modules\.bin;C:\Users\Utilisateur\Desktop\testing\node_modules\.bin;C:\Users\Utilisateur\Desktop\node_modules\.bin;C:\Users\Utilisateur\node_modules\.bin;C:\Users\node_modules\.bin;C:\node_modules\.bin;C:\Program Files\nodejs;C:\Program Files\Common Files\Oracle\Java\javapath;C:\Python33\;C:\Program Files (x86)\Common Files\Oracle\Java\javapath;C:\Program Files\ImageMagick-7.1.0-Q16-HDRI;C:\Python39\Scripts\;C:\Python39\;C:\Windows\system32;C:\Windows;C:\Windows\System32\Wbem;C:\Windows\System32\WindowsPowerShell\v1.0\;C:\Windows\System32\OpenSSH\;C:\Program Files\NVIDIA Corporation\NVIDIA NvDLISR;C:\Program Files (x86)\NVIDIA Corporation\PhysX\Common;C:\ProgramData\chocolatey\bin;C:\Program Files\Git\cmd;C:\Program Files\dotnet\;C:\Program Files\TortoiseGit\bin;C:\Program Files\Gource\cmd;E:\mteasploit\metasploit-framework\bin\;C:\Program Files\Go\bin;C:\laragon\bin\php\php-7.4.19-Win32-vc15-x64;C:\ProgramData\ComposerSetup\bin;C:\Program Files\Java\jdk-17.0.4\bin;E:\gradle-7.2-bin\gradle-7.2\bin;C:\Program Files\CMake\bin;C:\Program Files (x86)\Tess;C:\Program Files\Amazon\AWSCLIV2\;C:\Users\Utilisateur\AppData\Roaming\nvm;C:\Program Files\nodejs;C:\Users\Utilisateur\scoop\shims;C:\Users\Utilisateur\AppData\Local\pnpm;C:\Ruby31-x64\bin;E:\python36\Scripts\;E:\python36\;C:\Users\Utilisateur\.cargo\bin;C:\Users\Utilisateur\.local\share\solana\install\active_release\bin;C:\Users\Utilisateur\AppData\Local\Microsoft\WindowsApps;C:\Users\Utilisateur\AppData\Local\Programs\Microsoft VS Code\bin;C:\Users\Utilisateur\.dotnet\tools;C:\Users\Utilisateur\AppData\Local\GitHubDesktop\bin;C:\Program Files\heroku\bin;C:\Users\Utilisateur\go\bin;C:\Users\Utilisateur\AppData\Local\JetBrains\PhpStorm 2021.2.1\bin;C:\Users\Utilisateur\AppData\Roaming\Composer\vendor\bin;C:\Program Files\Java\jdk-17.0.2\bin;C:\Users\Utilisateur\AppData\Local\Programs\IPFS Desktop\resources\app.asar.unpacked\src\ipfs-on-path\scripts\bin-win;C:\Users\Utilisateur\AppData\Local\Programs\Fiddler;C:\Users\Utilisateur\AppData\Roaming\npm;C:\Users\Utilisateur\AppData\Roaming\nvm;C:\Program Files\nodejs;

Yarn version: 
  1.22.19

Node version: 
  16.12.0

Platform: 
  win32 x64

Trace: 
  Error: https://registry.yarnpkg.com/hygen-.%2f: Not found
      at Request.params.callback [as _callback] (C:\Users\Utilisateur\AppData\Roaming\nvm\v16.12.0\node_modules\hygen-add\node_modules\yarn\lib\cli.js:66145:18)
      at Request.self.callback (C:\Users\Utilisateur\AppData\Roaming\nvm\v16.12.0\node_modules\hygen-add\node_modules\yarn\lib\cli.js:140890:22)
      at Request.emit (node:events:390:28)
      at Request.<anonymous> (C:\Users\Utilisateur\AppData\Roaming\nvm\v16.12.0\node_modules\hygen-add\node_modules\yarn\lib\cli.js:141862:10)
      at Request.emit (node:events:390:28)
      at IncomingMessage.<anonymous> (C:\Users\Utilisateur\AppData\Roaming\nvm\v16.12.0\node_modules\hygen-add\node_modules\yarn\lib\cli.js:141784:12)
      at Object.onceWrapper (node:events:509:28)
      at IncomingMessage.emit (node:events:402:35)
      at endReadableNT (node:internal/streams/readable:1343:12)
      at processTicksAndRejections (node:internal/process/task_queues:83:21)

npm manifest: 
  {
    "name": "qcore-generator",
    "version": "1.0.1",
    "description": "",
    "main": "index.js",
    "scripts": {
      "test": "echo \"Error: no test specified\" && exit 1"
    },
    "keywords": [],
    "author": "",
    "license": "ISC"
  }

yarn manifest: 
  No manifest

Lockfile: 
  No lockfile
